<?xml version="1.0" encoding="UTF-8"?>
<!-- Generated by org.testng.reporters.JUnitReportReporter -->
<testsuite hostname="Ebrahim" failures="0" tests="1" name="com.it.bd.tests.DashboardTest" time="11.286" errors="0" timestamp="2023-10-22T13:04:41 EDT" skipped="0">
  <testcase classname="com.it.bd.tests.DashboardTest" name="adminTest" time="11.286"/>
  <system-out/>
</testsuite> <!-- com.it.bd.tests.DashboardTest -->
